22-05-2023 16:47:15	Error	Error: E11000 duplicate key error collection: HTS.users index: email_1 dup key: { email: "aadeshkarira@gmail.com" }
    at E:\matfly\self\hts\src\users\users.js:16:23
    at process.processTicksAndRejections (node:internal/process/task_queues:95:5)
22-05-2023 16:47:31	Error	Error: E11000 duplicate key error collection: HTS.users index: email_1 dup key: { email: "aadeshkarira@gmail.com" }
    at E:\matfly\self\hts\src\users\users.js:16:23
    at process.processTicksAndRejections (node:internal/process/task_queues:95:5)
22-05-2023 16:48:43	Error	Error: E11000 duplicate key error collection: HTS.users index: email_1 dup key: { email: "aadeshkarira@gmail.com" }
    at E:\matfly\self\hts\src\users\users.js:16:23
    at process.processTicksAndRejections (node:internal/process/task_queues:95:5)
22-05-2023 16:49:24	Error	Error: E11000 duplicate key error collection: HTS.users index: email_1 dup key: { email: "aadeshkarira@gmail.com" }
    at E:\matfly\self\hts\src\users\users.js:16:23
    at process.processTicksAndRejections (node:internal/process/task_queues:95:5)
22-05-2023 16:51:37	Error	Error: E11000 duplicate key error collection: HTS.users index: email_1 dup key: { email: "aadeshkarira@gmail.com" }
    at E:\matfly\self\hts\src\users\users.js:16:23
    at process.processTicksAndRejections (node:internal/process/task_queues:95:5)
22-05-2023 16:53:5	Error	Error: E11000 duplicate key error collection: HTS.users index: email_1 dup key: { email: "aadeshkarira@gmail.com" }
    at E:\matfly\self\hts\src\users\users.js:16:23
    at process.processTicksAndRejections (node:internal/process/task_queues:95:5)
22-05-2023 16:54:19	Error	Error: E11000 duplicate key error collection: HTS.users index: email_1 dup key: { email: "aadeshkarira@gmail.com" }
    at E:\matfly\self\hts\src\users\users.js:16:23
    at process.processTicksAndRejections (node:internal/process/task_queues:95:5)
22-05-2023 16:55:2	Error	Error: E11000 duplicate key error collection: HTS.users index: email_1 dup key: { email: "aadeshkarira@gmail.com" }
    at E:\matfly\self\hts\src\users\users.js:16:23
    at process.processTicksAndRejections (node:internal/process/task_queues:95:5)
22-05-2023 16:55:16	Error	Error: E11000 duplicate key error collection: HTS.users index: email_1 dup key: { email: "aadeshkarira@gmail.com" }
    at E:\matfly\self\hts\src\users\users.js:18:23
    at process.processTicksAndRejections (node:internal/process/task_queues:95:5)
22-05-2023 16:56:58	Error	Error: E11000 duplicate key error collection: HTS.users index: email_1 dup key: { email: "aadeshkarira@gmail.com" }
    at E:\matfly\self\hts\src\users\users.js:18:23
    at process.processTicksAndRejections (node:internal/process/task_queues:95:5)
22-05-2023 17:7:3	Error	Error: E11000 duplicate key error collection: HTS.users index: email_1 dup key: { email: "aadeshkarira@gmail.com" }
    at E:\matfly\self\hts\src\users\users.js:18:23
    at process.processTicksAndRejections (node:internal/process/task_queues:95:5)
22-05-2023 17:7:49	Error	Error: E11000 duplicate key error collection: HTS.users index: email_1 dup key: { email: "aadeshkarira@gmail.com" }
    at E:\matfly\self\hts\src\users\users.js:18:23
    at process.processTicksAndRejections (node:internal/process/task_queues:95:5)
22-05-2023 17:8:16	Error	Error: E11000 duplicate key error collection: HTS.users index: email_1 dup key: { email: "aadeshkarira@gmail.com" }
    at E:\matfly\self\hts\src\users\users.js:18:23
    at process.processTicksAndRejections (node:internal/process/task_queues:95:5)
22-05-2023 17:8:50	Error	Error: E11000 duplicate key error collection: HTS.users index: email_1 dup key: { email: "aadeshkarira@gmail.com" }
    at E:\matfly\self\hts\src\users\users.js:20:23
    at process.processTicksAndRejections (node:internal/process/task_queues:95:5)
22-05-2023 17:9:28	Error	Error: E11000 duplicate key error collection: HTS.users index: email_1 dup key: { email: "aadeshkarira@gmail.com" }
    at E:\matfly\self\hts\src\users\users.js:19:23
    at process.processTicksAndRejections (node:internal/process/task_queues:95:5)
22-05-2023 17:9:51	Error	Error: E11000 duplicate key error collection: HTS.users index: email_1 dup key: { email: "aadeshkarira@gmail.com" }
    at E:\matfly\self\hts\src\users\users.js:20:23
    at process.processTicksAndRejections (node:internal/process/task_queues:95:5)
22-05-2023 17:10:3	Error	Error: E11000 duplicate key error collection: HTS.users index: email_1 dup key: { email: "aadeshkarira@gmail.com" }
    at E:\matfly\self\hts\src\users\users.js:20:23
    at process.processTicksAndRejections (node:internal/process/task_queues:95:5)
22-05-2023 17:10:56	Error	Error: MongoServerError: E11000 duplicate key error collection: HTS.users index: email_1 dup key: { email: "aadeshkarira@gmail.com" }
    at E:\matfly\self\hts\src\users\users.js:20:23
    at process.processTicksAndRejections (node:internal/process/task_queues:95:5)
22-05-2023 17:11:52	Error	Error: ValidationError: first_name: Path `first_name` (`A`) is shorter than the minimum allowed length (3).
    at E:\matfly\self\hts\src\users\users.js:20:23
    at process.processTicksAndRejections (node:internal/process/task_queues:95:5)
22-05-2023 17:13:40	Error	Error: users validation failed: first_name: Path `first_name` (`A`) is shorter than the minimum allowed length (3).
    at E:\matfly\self\hts\src\users\users.js:20:23
    at process.processTicksAndRejections (node:internal/process/task_queues:95:5)
